<?xml version="1.0" encoding="UTF-8"?>
<!-- Generated by org.testng.reporters.JUnitXMLReporter -->
<testsuite ignored="0" hostname="DESKTOP-S1CJUA1" failures="1" tests="3" name="Test" time="5.807" errors="0" timestamp="2023-07-17T12:53:10 IST">
  <testcase classname="TestCase.Filpkart_01" name="popupVerification" time="0.009">
    <failure type="java.lang.NullPointerException" message="Cannot invoke &amp;quot;PageObject.PageElements.getPopup()&amp;quot; because &amp;quot;this.FP&amp;quot; is null">
      <![CDATA[java.lang.NullPointerException: Cannot invoke "PageObject.PageElements.getPopup()" because "this.FP" is null
at TestCase.Filpkart_01.popupVerification(Filpkart_01.java:18)
at java.base/java.util.ArrayList.forEach(ArrayList.java:1511)
... Removed 25 stack frames]]>
    </failure>
  </testcase> <!-- popupVerification -->
  <testcase classname="TestCase.Filpkart_01" name="flipkartLogo" time="0.0">
    <skipped/>
  </testcase> <!-- flipkartLogo -->
  <testcase classname="TestCase.Filpkart_01" name="searchItem" time="0.0">
    <skipped/>
  </testcase> <!-- searchItem -->
</testsuite> <!-- Test -->
