<?xml version="1.0" encoding="UTF-8"?>
<testng-results ignored="0" total="3" passed="0" failed="1" skipped="2">
  <reporter-output>
  </reporter-output>
  <suite started-at="2023-07-17T12:53:05 IST" name="Suite" finished-at="2023-07-17T12:53:10 IST" duration-ms="5807">
    <groups>
    </groups>
    <test started-at="2023-07-17T12:53:05 IST" name="Test" finished-at="2023-07-17T12:53:10 IST" duration-ms="5807">
      <class name="TestCase.Filpkart_01">
        <test-method is-config="true" signature="setUp()[pri:0, instance:TestCase.Filpkart_01@408d971b]" started-at="2023-07-17T12:53:05 IST" name="setUp" finished-at="2023-07-17T12:53:10 IST" duration-ms="5534" status="PASS">
          <reporter-output>
          </reporter-output>
        </test-method> <!-- setUp -->
        <test-method signature="popupVerification()[pri:0, instance:TestCase.Filpkart_01@408d971b]" started-at="2023-07-17T12:53:10 IST" name="popupVerification" finished-at="2023-07-17T12:53:10 IST" duration-ms="9" status="FAIL">
          <exception class="java.lang.NullPointerException">
            <message>
              <![CDATA[Cannot invoke "PageObject.PageElements.getPopup()" because "this.FP" is null]]>
            </message>
            <full-stacktrace>
              <![CDATA[java.lang.NullPointerException: Cannot invoke "PageObject.PageElements.getPopup()" because "this.FP" is null
at TestCase.Filpkart_01.popupVerification(Filpkart_01.java:18)
at java.base/jdk.internal.reflect.DirectMethodHandleAccessor.invoke(DirectMethodHandleAccessor.java:104)
at java.base/java.lang.reflect.Method.invoke(Method.java:578)
at org.testng.internal.invokers.MethodInvocationHelper.invokeMethod(MethodInvocationHelper.java:139)
at org.testng.internal.invokers.TestInvoker.invokeMethod(TestInvoker.java:664)
at org.testng.internal.invokers.TestInvoker.invokeTestMethod(TestInvoker.java:227)
at org.testng.internal.invokers.MethodRunner.runInSequence(MethodRunner.java:50)
at org.testng.internal.invokers.TestInvoker$MethodInvocationAgent.invoke(TestInvoker.java:957)
at org.testng.internal.invokers.TestInvoker.invokeTestMethods(TestInvoker.java:200)
at org.testng.internal.invokers.TestMethodWorker.invokeTestMethods(TestMethodWorker.java:148)
at org.testng.internal.invokers.TestMethodWorker.run(TestMethodWorker.java:128)
at java.base/java.util.ArrayList.forEach(ArrayList.java:1511)
at org.testng.TestRunner.privateRun(TestRunner.java:848)
at org.testng.TestRunner.run(TestRunner.java:621)
at org.testng.SuiteRunner.runTest(SuiteRunner.java:443)
at org.testng.SuiteRunner.runSequentially(SuiteRunner.java:437)
at org.testng.SuiteRunner.privateRun(SuiteRunner.java:397)
at org.testng.SuiteRunner.run(SuiteRunner.java:336)
at org.testng.SuiteRunnerWorker.runSuite(SuiteRunnerWorker.java:52)
at org.testng.SuiteRunnerWorker.run(SuiteRunnerWorker.java:95)
at org.testng.TestNG.runSuitesSequentially(TestNG.java:1280)
at org.testng.TestNG.runSuitesLocally(TestNG.java:1200)
at org.testng.TestNG.runSuites(TestNG.java:1114)
at org.testng.TestNG.run(TestNG.java:1082)
at org.testng.remote.AbstractRemoteTestNG.run(AbstractRemoteTestNG.java:115)
at org.testng.remote.RemoteTestNG.initAndRun(RemoteTestNG.java:251)
at org.testng.remote.RemoteTestNG.main(RemoteTestNG.java:77)
]]>
            </full-stacktrace>
          </exception> <!-- java.lang.NullPointerException -->
          <reporter-output>
          </reporter-output>
        </test-method> <!-- popupVerification -->
        <test-method signature="flipkartLogo()[pri:2, instance:TestCase.Filpkart_01@408d971b]" started-at="2023-07-17T12:53:10 IST" name="flipkartLogo" finished-at="2023-07-17T12:53:10 IST" depends-on-methods="TestCase.Filpkart_01.popupVerification" duration-ms="0" status="SKIP">
          <exception class="java.lang.Throwable">
            <message>
              <![CDATA[Method TestCase.Filpkart_01.flipkartLogo() on instance TestCase.Filpkart_01@408d971b depends on not successfully finished methods 
[TestCase.Filpkart_01.popupVerification() on instance TestCase.Filpkart_01@408d971b]]]>
            </message>
            <full-stacktrace>
              <![CDATA[java.lang.Throwable: Method TestCase.Filpkart_01.flipkartLogo() on instance TestCase.Filpkart_01@408d971b depends on not successfully finished methods 
[TestCase.Filpkart_01.popupVerification() on instance TestCase.Filpkart_01@408d971b]
at org.testng.internal.invokers.TestInvoker.invokeTestMethods(TestInvoker.java:156)
at org.testng.internal.invokers.TestMethodWorker.invokeTestMethods(TestMethodWorker.java:148)
at org.testng.internal.invokers.TestMethodWorker.run(TestMethodWorker.java:128)
at java.base/java.util.ArrayList.forEach(ArrayList.java:1511)
at org.testng.TestRunner.privateRun(TestRunner.java:848)
at org.testng.TestRunner.run(TestRunner.java:621)
at org.testng.SuiteRunner.runTest(SuiteRunner.java:443)
at org.testng.SuiteRunner.runSequentially(SuiteRunner.java:437)
at org.testng.SuiteRunner.privateRun(SuiteRunner.java:397)
at org.testng.SuiteRunner.run(SuiteRunner.java:336)
at org.testng.SuiteRunnerWorker.runSuite(SuiteRunnerWorker.java:52)
at org.testng.SuiteRunnerWorker.run(SuiteRunnerWorker.java:95)
at org.testng.TestNG.runSuitesSequentially(TestNG.java:1280)
at org.testng.TestNG.runSuitesLocally(TestNG.java:1200)
at org.testng.TestNG.runSuites(TestNG.java:1114)
at org.testng.TestNG.run(TestNG.java:1082)
at org.testng.remote.AbstractRemoteTestNG.run(AbstractRemoteTestNG.java:115)
at org.testng.remote.RemoteTestNG.initAndRun(RemoteTestNG.java:251)
at org.testng.remote.RemoteTestNG.main(RemoteTestNG.java:77)
]]>
            </full-stacktrace>
          </exception> <!-- java.lang.Throwable -->
          <reporter-output>
          </reporter-output>
        </test-method> <!-- flipkartLogo -->
        <test-method signature="searchItem()[pri:3, instance:TestCase.Filpkart_01@408d971b]" started-at="2023-07-17T12:53:10 IST" name="searchItem" finished-at="2023-07-17T12:53:10 IST" depends-on-methods="TestCase.Filpkart_01.flipkartLogo" duration-ms="0" status="SKIP">
          <exception class="java.lang.Throwable">
            <message>
              <![CDATA[Method TestCase.Filpkart_01.searchItem() on instance TestCase.Filpkart_01@408d971b depends on not successfully finished methods 
[TestCase.Filpkart_01.flipkartLogo() on instance TestCase.Filpkart_01@408d971b]]]>
            </message>
            <full-stacktrace>
              <![CDATA[java.lang.Throwable: Method TestCase.Filpkart_01.searchItem() on instance TestCase.Filpkart_01@408d971b depends on not successfully finished methods 
[TestCase.Filpkart_01.flipkartLogo() on instance TestCase.Filpkart_01@408d971b]
at org.testng.internal.invokers.TestInvoker.invokeTestMethods(TestInvoker.java:156)
at org.testng.internal.invokers.TestMethodWorker.invokeTestMethods(TestMethodWorker.java:148)
at org.testng.internal.invokers.TestMethodWorker.run(TestMethodWorker.java:128)
at java.base/java.util.ArrayList.forEach(ArrayList.java:1511)
at org.testng.TestRunner.privateRun(TestRunner.java:848)
at org.testng.TestRunner.run(TestRunner.java:621)
at org.testng.SuiteRunner.runTest(SuiteRunner.java:443)
at org.testng.SuiteRunner.runSequentially(SuiteRunner.java:437)
at org.testng.SuiteRunner.privateRun(SuiteRunner.java:397)
at org.testng.SuiteRunner.run(SuiteRunner.java:336)
at org.testng.SuiteRunnerWorker.runSuite(SuiteRunnerWorker.java:52)
at org.testng.SuiteRunnerWorker.run(SuiteRunnerWorker.java:95)
at org.testng.TestNG.runSuitesSequentially(TestNG.java:1280)
at org.testng.TestNG.runSuitesLocally(TestNG.java:1200)
at org.testng.TestNG.runSuites(TestNG.java:1114)
at org.testng.TestNG.run(TestNG.java:1082)
at org.testng.remote.AbstractRemoteTestNG.run(AbstractRemoteTestNG.java:115)
at org.testng.remote.RemoteTestNG.initAndRun(RemoteTestNG.java:251)
at org.testng.remote.RemoteTestNG.main(RemoteTestNG.java:77)
]]>
            </full-stacktrace>
          </exception> <!-- java.lang.Throwable -->
          <reporter-output>
          </reporter-output>
        </test-method> <!-- searchItem -->
        <test-method is-config="true" signature="tearDown()[pri:0, instance:TestCase.Filpkart_01@408d971b]" started-at="2023-07-17T12:53:10 IST" name="tearDown" finished-at="2023-07-17T12:53:10 IST" duration-ms="194" status="PASS">
          <reporter-output>
          </reporter-output>
        </test-method> <!-- tearDown -->
      </class> <!-- TestCase.Filpkart_01 -->
    </test> <!-- Test -->
  </suite> <!-- Suite -->
</testng-results>
